<?xml version="1.0" encoding="UTF-8"?>
<!-- Generated by org.testng.reporters.JUnitXMLReporter -->
<testsuite ignored="0" hostname="LAPTOP-FN1AS96S" failures="0" tests="7" name="Default test" time="112.124" errors="0" timestamp="2024-06-18T11:29:25 IST">
  <testcase classname="tests.MainTest" name="loginFuctionality" time="6.405"/>
  <testcase classname="tests.MainTest" name="cat" time="5.192"/>
  <testcase classname="tests.MainTest" name="nextNavigate" time="15.267"/>
  <testcase classname="tests.MainTest" name="contactDemo" time="1.861"/>
  <testcase classname="tests.MainTest" name="addCartDemo" time="31.035"/>
  <testcase classname="tests.MainTest" name="delete" time="3.275"/>
  <testcase classname="tests.MainTest" name="ChechoutProcess" time="42.255"/>
</testsuite> <!-- Default test -->
