<?xml version="1.0" encoding="UTF-8"?>
<testng-results ignored="0" total="2" passed="2" failed="0" skipped="0">
  <reporter-output>
  </reporter-output>
  <suite started-at="2024-06-18T22:51:55 IST" name="Default suite" finished-at="2024-06-18T22:52:19 IST" duration-ms="23478">
    <groups>
    </groups>
    <test started-at="2024-06-18T22:51:55 IST" name="Default test" finished-at="2024-06-18T22:52:19 IST" duration-ms="23478">
      <class name="defectCase.PurchaseWithoutLoginTest">
        <test-method is-config="true" signature="setUp()[pri:0, instance:defectCase.PurchaseWithoutLoginTest@b2c9a9c]" started-at="2024-06-18T22:51:50 IST" name="setUp" finished-at="2024-06-18T22:51:55 IST" duration-ms="5680" status="PASS">
          <reporter-output>
          </reporter-output>
        </test-method> <!-- setUp -->
        <test-method signature="addProductToCartWithoutLogin__Test_Case_01()[pri:1, instance:defectCase.PurchaseWithoutLoginTest@b2c9a9c]" started-at="2024-06-18T22:51:55 IST" name="addProductToCartWithoutLogin__Test_Case_01" finished-at="2024-06-18T22:52:10 IST" duration-ms="14384" status="PASS">
          <reporter-output>
          </reporter-output>
        </test-method> <!-- addProductToCartWithoutLogin__Test_Case_01 -->
        <test-method signature="checkoutWithoutLogin___Test_Case_02()[pri:2, instance:defectCase.PurchaseWithoutLoginTest@b2c9a9c]" started-at="2024-06-18T22:52:10 IST" name="checkoutWithoutLogin___Test_Case_02" finished-at="2024-06-18T22:52:19 IST" duration-ms="9006" status="PASS">
          <reporter-output>
          </reporter-output>
        </test-method> <!-- checkoutWithoutLogin___Test_Case_02 -->
      </class> <!-- defectCase.PurchaseWithoutLoginTest -->
    </test> <!-- Default test -->
  </suite> <!-- Default suite -->
</testng-results>
