<?xml version="1.0" encoding="UTF-8"?>
<!-- Generated by org.testng.reporters.JUnitXMLReporter -->
<testsuite ignored="0" hostname="LAPTOP-FN1AS96S" failures="0" tests="2" name="Default test" time="23.478" errors="0" timestamp="2024-06-18T22:52:19 IST">
  <testcase classname="defectCase.PurchaseWithoutLoginTest" name="addProductToCartWithoutLogin__Test_Case_01" time="14.384"/>
  <testcase classname="defectCase.PurchaseWithoutLoginTest" name="checkoutWithoutLogin___Test_Case_02" time="9.006"/>
</testsuite> <!-- Default test -->
